Start testing: Sep 13 20:50 +05
----------------------------------------------------------
1/47 Testing: Message.DefaultConstructionIsEmpty
1/47 Test: Message.DefaultConstructionIsEmpty
Command: "/home/apal/Рабочий стол/Learning_cpp/build/chat_tests" "--gtest_filter=Message.DefaultConstructionIsEmpty" "--gtest_also_run_disabled_tests"
Directory: /home/apal/Рабочий стол/Learning_cpp/build
"Message.DefaultConstructionIsEmpty" start time: Sep 13 20:50 +05
Output:
----------------------------------------------------------
Running main() from /home/apal/Рабочий стол/Learning_cpp/build/_deps/googletest-src/googletest/src/gtest_main.cc
Note: Google Test filter = Message.DefaultConstructionIsEmpty
[==========] Running 1 test from 1 test suite.
[----------] Global test environment set-up.
[----------] 1 test from Message
[ RUN      ] Message.DefaultConstructionIsEmpty
[       OK ] Message.DefaultConstructionIsEmpty (0 ms)
[----------] 1 test from Message (0 ms total)

[----------] Global test environment tear-down
[==========] 1 test from 1 test suite ran. (0 ms total)
[  PASSED  ] 1 test.
<end of output>
Test time =   0.00 sec
----------------------------------------------------------
Test Passed.
"Message.DefaultConstructionIsEmpty" end time: Sep 13 20:50 +05
"Message.DefaultConstructionIsEmpty" time elapsed: 00:00:00
----------------------------------------------------------

2/47 Testing: Message.TextConstructorCreatesTextBody
2/47 Test: Message.TextConstructorCreatesTextBody
Command: "/home/apal/Рабочий стол/Learning_cpp/build/chat_tests" "--gtest_filter=Message.TextConstructorCreatesTextBody" "--gtest_also_run_disabled_tests"
Directory: /home/apal/Рабочий стол/Learning_cpp/build
"Message.TextConstructorCreatesTextBody" start time: Sep 13 20:50 +05
Output:
----------------------------------------------------------
Running main() from /home/apal/Рабочий стол/Learning_cpp/build/_deps/googletest-src/googletest/src/gtest_main.cc
Note: Google Test filter = Message.TextConstructorCreatesTextBody
[==========] Running 1 test from 1 test suite.
[----------] Global test environment set-up.
[----------] 1 test from Message
[ RUN      ] Message.TextConstructorCreatesTextBody
[       OK ] Message.TextConstructorCreatesTextBody (0 ms)
[----------] 1 test from Message (0 ms total)

[----------] Global test environment tear-down
[==========] 1 test from 1 test suite ran. (0 ms total)
[  PASSED  ] 1 test.
<end of output>
Test time =   0.00 sec
----------------------------------------------------------
Test Passed.
"Message.TextConstructorCreatesTextBody" end time: Sep 13 20:50 +05
"Message.TextConstructorCreatesTextBody" time elapsed: 00:00:00
----------------------------------------------------------

3/47 Testing: Message.VariantConstructorWorks
3/47 Test: Message.VariantConstructorWorks
Command: "/home/apal/Рабочий стол/Learning_cpp/build/chat_tests" "--gtest_filter=Message.VariantConstructorWorks" "--gtest_also_run_disabled_tests"
Directory: /home/apal/Рабочий стол/Learning_cpp/build
"Message.VariantConstructorWorks" start time: Sep 13 20:50 +05
Output:
----------------------------------------------------------
Running main() from /home/apal/Рабочий стол/Learning_cpp/build/_deps/googletest-src/googletest/src/gtest_main.cc
Note: Google Test filter = Message.VariantConstructorWorks
[==========] Running 1 test from 1 test suite.
[----------] Global test environment set-up.
[----------] 1 test from Message
[ RUN      ] Message.VariantConstructorWorks
[       OK ] Message.VariantConstructorWorks (0 ms)
[----------] 1 test from Message (0 ms total)

[----------] Global test environment tear-down
[==========] 1 test from 1 test suite ran. (0 ms total)
[  PASSED  ] 1 test.
<end of output>
Test time =   0.00 sec
----------------------------------------------------------
Test Passed.
"Message.VariantConstructorWorks" end time: Sep 13 20:50 +05
"Message.VariantConstructorWorks" time elapsed: 00:00:00
----------------------------------------------------------

4/47 Testing: Message.MoveDoesNotInvokeCopy
4/47 Test: Message.MoveDoesNotInvokeCopy
Command: "/home/apal/Рабочий стол/Learning_cpp/build/chat_tests" "--gtest_filter=Message.MoveDoesNotInvokeCopy" "--gtest_also_run_disabled_tests"
Directory: /home/apal/Рабочий стол/Learning_cpp/build
"Message.MoveDoesNotInvokeCopy" start time: Sep 13 20:50 +05
Output:
----------------------------------------------------------
Running main() from /home/apal/Рабочий стол/Learning_cpp/build/_deps/googletest-src/googletest/src/gtest_main.cc
Note: Google Test filter = Message.MoveDoesNotInvokeCopy
[==========] Running 1 test from 1 test suite.
[----------] Global test environment set-up.
[----------] 1 test from Message
[ RUN      ] Message.MoveDoesNotInvokeCopy
[       OK ] Message.MoveDoesNotInvokeCopy (0 ms)
[----------] 1 test from Message (0 ms total)

[----------] Global test environment tear-down
[==========] 1 test from 1 test suite ran. (0 ms total)
[  PASSED  ] 1 test.
<end of output>
Test time =   0.00 sec
----------------------------------------------------------
Test Passed.
"Message.MoveDoesNotInvokeCopy" end time: Sep 13 20:50 +05
"Message.MoveDoesNotInvokeCopy" time elapsed: 00:00:00
----------------------------------------------------------

5/47 Testing: Message.CopyInvokesCopyNotMove
5/47 Test: Message.CopyInvokesCopyNotMove
Command: "/home/apal/Рабочий стол/Learning_cpp/build/chat_tests" "--gtest_filter=Message.CopyInvokesCopyNotMove" "--gtest_also_run_disabled_tests"
Directory: /home/apal/Рабочий стол/Learning_cpp/build
"Message.CopyInvokesCopyNotMove" start time: Sep 13 20:50 +05
Output:
----------------------------------------------------------
Running main() from /home/apal/Рабочий стол/Learning_cpp/build/_deps/googletest-src/googletest/src/gtest_main.cc
Note: Google Test filter = Message.CopyInvokesCopyNotMove
[==========] Running 1 test from 1 test suite.
[----------] Global test environment set-up.
[----------] 1 test from Message
[ RUN      ] Message.CopyInvokesCopyNotMove
[       OK ] Message.CopyInvokesCopyNotMove (0 ms)
[----------] 1 test from Message (0 ms total)

[----------] Global test environment tear-down
[==========] 1 test from 1 test suite ran. (0 ms total)
[  PASSED  ] 1 test.
<end of output>
Test time =   0.00 sec
----------------------------------------------------------
Test Passed.
"Message.CopyInvokesCopyNotMove" end time: Sep 13 20:50 +05
"Message.CopyInvokesCopyNotMove" time elapsed: 00:00:00
----------------------------------------------------------

6/47 Testing: ChatStore.PostingTemporaryDoesNotCopy
6/47 Test: ChatStore.PostingTemporaryDoesNotCopy
Command: "/home/apal/Рабочий стол/Learning_cpp/build/chat_tests" "--gtest_filter=ChatStore.PostingTemporaryDoesNotCopy" "--gtest_also_run_disabled_tests"
Directory: /home/apal/Рабочий стол/Learning_cpp/build
"ChatStore.PostingTemporaryDoesNotCopy" start time: Sep 13 20:50 +05
Output:
----------------------------------------------------------
Running main() from /home/apal/Рабочий стол/Learning_cpp/build/_deps/googletest-src/googletest/src/gtest_main.cc
Note: Google Test filter = ChatStore.PostingTemporaryDoesNotCopy
[==========] Running 1 test from 1 test suite.
[----------] Global test environment set-up.
[----------] 1 test from ChatStore
[ RUN      ] ChatStore.PostingTemporaryDoesNotCopy
[       OK ] ChatStore.PostingTemporaryDoesNotCopy (0 ms)
[----------] 1 test from ChatStore (0 ms total)

[----------] Global test environment tear-down
[==========] 1 test from 1 test suite ran. (0 ms total)
[  PASSED  ] 1 test.
<end of output>
Test time =   0.00 sec
----------------------------------------------------------
Test Passed.
"ChatStore.PostingTemporaryDoesNotCopy" end time: Sep 13 20:50 +05
"ChatStore.PostingTemporaryDoesNotCopy" time elapsed: 00:00:00
----------------------------------------------------------

7/47 Testing: ChatStore.PostingLvalueCopies
7/47 Test: ChatStore.PostingLvalueCopies
Command: "/home/apal/Рабочий стол/Learning_cpp/build/chat_tests" "--gtest_filter=ChatStore.PostingLvalueCopies" "--gtest_also_run_disabled_tests"
Directory: /home/apal/Рабочий стол/Learning_cpp/build
"ChatStore.PostingLvalueCopies" start time: Sep 13 20:50 +05
Output:
----------------------------------------------------------
Running main() from /home/apal/Рабочий стол/Learning_cpp/build/_deps/googletest-src/googletest/src/gtest_main.cc
Note: Google Test filter = ChatStore.PostingLvalueCopies
[==========] Running 1 test from 1 test suite.
[----------] Global test environment set-up.
[----------] 1 test from ChatStore
[ RUN      ] ChatStore.PostingLvalueCopies
[       OK ] ChatStore.PostingLvalueCopies (0 ms)
[----------] 1 test from ChatStore (0 ms total)

[----------] Global test environment tear-down
[==========] 1 test from 1 test suite ran. (0 ms total)
[  PASSED  ] 1 test.
<end of output>
Test time =   0.00 sec
----------------------------------------------------------
Test Passed.
"ChatStore.PostingLvalueCopies" end time: Sep 13 20:50 +05
"ChatStore.PostingLvalueCopies" time elapsed: 00:00:00
----------------------------------------------------------

8/47 Testing: ChatStore.CreateRoomIncreasesCount
8/47 Test: ChatStore.CreateRoomIncreasesCount
Command: "/home/apal/Рабочий стол/Learning_cpp/build/chat_tests" "--gtest_filter=ChatStore.CreateRoomIncreasesCount" "--gtest_also_run_disabled_tests"
Directory: /home/apal/Рабочий стол/Learning_cpp/build
"ChatStore.CreateRoomIncreasesCount" start time: Sep 13 20:50 +05
Output:
----------------------------------------------------------
Running main() from /home/apal/Рабочий стол/Learning_cpp/build/_deps/googletest-src/googletest/src/gtest_main.cc
Note: Google Test filter = ChatStore.CreateRoomIncreasesCount
[==========] Running 1 test from 1 test suite.
[----------] Global test environment set-up.
[----------] 1 test from ChatStore
[ RUN      ] ChatStore.CreateRoomIncreasesCount
[       OK ] ChatStore.CreateRoomIncreasesCount (0 ms)
[----------] 1 test from ChatStore (0 ms total)

[----------] Global test environment tear-down
[==========] 1 test from 1 test suite ran. (0 ms total)
[  PASSED  ] 1 test.
<end of output>
Test time =   0.00 sec
----------------------------------------------------------
Test Passed.
"ChatStore.CreateRoomIncreasesCount" end time: Sep 13 20:50 +05
"ChatStore.CreateRoomIncreasesCount" time elapsed: 00:00:00
----------------------------------------------------------

9/47 Testing: ChatStore.DuplicateCreateIsNoop
9/47 Test: ChatStore.DuplicateCreateIsNoop
Command: "/home/apal/Рабочий стол/Learning_cpp/build/chat_tests" "--gtest_filter=ChatStore.DuplicateCreateIsNoop" "--gtest_also_run_disabled_tests"
Directory: /home/apal/Рабочий стол/Learning_cpp/build
"ChatStore.DuplicateCreateIsNoop" start time: Sep 13 20:50 +05
Output:
----------------------------------------------------------
Running main() from /home/apal/Рабочий стол/Learning_cpp/build/_deps/googletest-src/googletest/src/gtest_main.cc
Note: Google Test filter = ChatStore.DuplicateCreateIsNoop
[==========] Running 1 test from 1 test suite.
[----------] Global test environment set-up.
[----------] 1 test from ChatStore
[ RUN      ] ChatStore.DuplicateCreateIsNoop
[       OK ] ChatStore.DuplicateCreateIsNoop (0 ms)
[----------] 1 test from ChatStore (0 ms total)

[----------] Global test environment tear-down
[==========] 1 test from 1 test suite ran. (0 ms total)
[  PASSED  ] 1 test.
<end of output>
Test time =   0.00 sec
----------------------------------------------------------
Test Passed.
"ChatStore.DuplicateCreateIsNoop" end time: Sep 13 20:50 +05
"ChatStore.DuplicateCreateIsNoop" time elapsed: 00:00:00
----------------------------------------------------------

10/47 Testing: ChatStore.HistoryReturnsNulloptForUnknownRoom
10/47 Test: ChatStore.HistoryReturnsNulloptForUnknownRoom
Command: "/home/apal/Рабочий стол/Learning_cpp/build/chat_tests" "--gtest_filter=ChatStore.HistoryReturnsNulloptForUnknownRoom" "--gtest_also_run_disabled_tests"
Directory: /home/apal/Рабочий стол/Learning_cpp/build
"ChatStore.HistoryReturnsNulloptForUnknownRoom" start time: Sep 13 20:50 +05
Output:
----------------------------------------------------------
Running main() from /home/apal/Рабочий стол/Learning_cpp/build/_deps/googletest-src/googletest/src/gtest_main.cc
Note: Google Test filter = ChatStore.HistoryReturnsNulloptForUnknownRoom
[==========] Running 1 test from 1 test suite.
[----------] Global test environment set-up.
[----------] 1 test from ChatStore
[ RUN      ] ChatStore.HistoryReturnsNulloptForUnknownRoom
[       OK ] ChatStore.HistoryReturnsNulloptForUnknownRoom (0 ms)
[----------] 1 test from ChatStore (0 ms total)

[----------] Global test environment tear-down
[==========] 1 test from 1 test suite ran. (0 ms total)
[  PASSED  ] 1 test.
<end of output>
Test time =   0.00 sec
----------------------------------------------------------
Test Passed.
"ChatStore.HistoryReturnsNulloptForUnknownRoom" end time: Sep 13 20:50 +05
"ChatStore.HistoryReturnsNulloptForUnknownRoom" time elapsed: 00:00:00
----------------------------------------------------------

11/47 Testing: ChatStore.HistoryReturnsMessagesAfterPost
11/47 Test: ChatStore.HistoryReturnsMessagesAfterPost
Command: "/home/apal/Рабочий стол/Learning_cpp/build/chat_tests" "--gtest_filter=ChatStore.HistoryReturnsMessagesAfterPost" "--gtest_also_run_disabled_tests"
Directory: /home/apal/Рабочий стол/Learning_cpp/build
"ChatStore.HistoryReturnsMessagesAfterPost" start time: Sep 13 20:50 +05
Output:
----------------------------------------------------------
Running main() from /home/apal/Рабочий стол/Learning_cpp/build/_deps/googletest-src/googletest/src/gtest_main.cc
Note: Google Test filter = ChatStore.HistoryReturnsMessagesAfterPost
[==========] Running 1 test from 1 test suite.
[----------] Global test environment set-up.
[----------] 1 test from ChatStore
[ RUN      ] ChatStore.HistoryReturnsMessagesAfterPost
[       OK ] ChatStore.HistoryReturnsMessagesAfterPost (0 ms)
[----------] 1 test from ChatStore (0 ms total)

[----------] Global test environment tear-down
[==========] 1 test from 1 test suite ran. (0 ms total)
[  PASSED  ] 1 test.
<end of output>
Test time =   0.00 sec
----------------------------------------------------------
Test Passed.
"ChatStore.HistoryReturnsMessagesAfterPost" end time: Sep 13 20:50 +05
"ChatStore.HistoryReturnsMessagesAfterPost" time elapsed: 00:00:00
----------------------------------------------------------

12/47 Testing: ChatStore.PostToUnknownRoomIsIgnored
12/47 Test: ChatStore.PostToUnknownRoomIsIgnored
Command: "/home/apal/Рабочий стол/Learning_cpp/build/chat_tests" "--gtest_filter=ChatStore.PostToUnknownRoomIsIgnored" "--gtest_also_run_disabled_tests"
Directory: /home/apal/Рабочий стол/Learning_cpp/build
"ChatStore.PostToUnknownRoomIsIgnored" start time: Sep 13 20:50 +05
Output:
----------------------------------------------------------
Running main() from /home/apal/Рабочий стол/Learning_cpp/build/_deps/googletest-src/googletest/src/gtest_main.cc
Note: Google Test filter = ChatStore.PostToUnknownRoomIsIgnored
[==========] Running 1 test from 1 test suite.
[----------] Global test environment set-up.
[----------] 1 test from ChatStore
[ RUN      ] ChatStore.PostToUnknownRoomIsIgnored
[       OK ] ChatStore.PostToUnknownRoomIsIgnored (0 ms)
[----------] 1 test from ChatStore (0 ms total)

[----------] Global test environment tear-down
[==========] 1 test from 1 test suite ran. (0 ms total)
[  PASSED  ] 1 test.
<end of output>
Test time =   0.00 sec
----------------------------------------------------------
Test Passed.
"ChatStore.PostToUnknownRoomIsIgnored" end time: Sep 13 20:50 +05
"ChatStore.PostToUnknownRoomIsIgnored" time elapsed: 00:00:00
----------------------------------------------------------

13/47 Testing: ChatStore.ForEachRoomVisitsAll
13/47 Test: ChatStore.ForEachRoomVisitsAll
Command: "/home/apal/Рабочий стол/Learning_cpp/build/chat_tests" "--gtest_filter=ChatStore.ForEachRoomVisitsAll" "--gtest_also_run_disabled_tests"
Directory: /home/apal/Рабочий стол/Learning_cpp/build
"ChatStore.ForEachRoomVisitsAll" start time: Sep 13 20:50 +05
Output:
----------------------------------------------------------
Running main() from /home/apal/Рабочий стол/Learning_cpp/build/_deps/googletest-src/googletest/src/gtest_main.cc
Note: Google Test filter = ChatStore.ForEachRoomVisitsAll
[==========] Running 1 test from 1 test suite.
[----------] Global test environment set-up.
[----------] 1 test from ChatStore
[ RUN      ] ChatStore.ForEachRoomVisitsAll
[       OK ] ChatStore.ForEachRoomVisitsAll (0 ms)
[----------] 1 test from ChatStore (0 ms total)

[----------] Global test environment tear-down
[==========] 1 test from 1 test suite ran. (0 ms total)
[  PASSED  ] 1 test.
<end of output>
Test time =   0.00 sec
----------------------------------------------------------
Test Passed.
"ChatStore.ForEachRoomVisitsAll" end time: Sep 13 20:50 +05
"ChatStore.ForEachRoomVisitsAll" time elapsed: 00:00:00
----------------------------------------------------------

14/47 Testing: ChatStore.MessageAtReturnsCorrectMessage
14/47 Test: ChatStore.MessageAtReturnsCorrectMessage
Command: "/home/apal/Рабочий стол/Learning_cpp/build/chat_tests" "--gtest_filter=ChatStore.MessageAtReturnsCorrectMessage" "--gtest_also_run_disabled_tests"
Directory: /home/apal/Рабочий стол/Learning_cpp/build
"ChatStore.MessageAtReturnsCorrectMessage" start time: Sep 13 20:50 +05
Output:
----------------------------------------------------------
Running main() from /home/apal/Рабочий стол/Learning_cpp/build/_deps/googletest-src/googletest/src/gtest_main.cc
Note: Google Test filter = ChatStore.MessageAtReturnsCorrectMessage
[==========] Running 1 test from 1 test suite.
[----------] Global test environment set-up.
[----------] 1 test from ChatStore
[ RUN      ] ChatStore.MessageAtReturnsCorrectMessage
[       OK ] ChatStore.MessageAtReturnsCorrectMessage (0 ms)
[----------] 1 test from ChatStore (0 ms total)

[----------] Global test environment tear-down
[==========] 1 test from 1 test suite ran. (0 ms total)
[  PASSED  ] 1 test.
<end of output>
Test time =   0.00 sec
----------------------------------------------------------
Test Passed.
"ChatStore.MessageAtReturnsCorrectMessage" end time: Sep 13 20:50 +05
"ChatStore.MessageAtReturnsCorrectMessage" time elapsed: 00:00:00
----------------------------------------------------------

15/47 Testing: ChatStore.MessageAtReturnsNulloptForBadIndex
15/47 Test: ChatStore.MessageAtReturnsNulloptForBadIndex
Command: "/home/apal/Рабочий стол/Learning_cpp/build/chat_tests" "--gtest_filter=ChatStore.MessageAtReturnsNulloptForBadIndex" "--gtest_also_run_disabled_tests"
Directory: /home/apal/Рабочий стол/Learning_cpp/build
"ChatStore.MessageAtReturnsNulloptForBadIndex" start time: Sep 13 20:50 +05
Output:
----------------------------------------------------------
Running main() from /home/apal/Рабочий стол/Learning_cpp/build/_deps/googletest-src/googletest/src/gtest_main.cc
Note: Google Test filter = ChatStore.MessageAtReturnsNulloptForBadIndex
[==========] Running 1 test from 1 test suite.
[----------] Global test environment set-up.
[----------] 1 test from ChatStore
[ RUN      ] ChatStore.MessageAtReturnsNulloptForBadIndex
[       OK ] ChatStore.MessageAtReturnsNulloptForBadIndex (0 ms)
[----------] 1 test from ChatStore (0 ms total)

[----------] Global test environment tear-down
[==========] 1 test from 1 test suite ran. (0 ms total)
[  PASSED  ] 1 test.
<end of output>
Test time =   0.00 sec
----------------------------------------------------------
Test Passed.
"ChatStore.MessageAtReturnsNulloptForBadIndex" end time: Sep 13 20:50 +05
"ChatStore.MessageAtReturnsNulloptForBadIndex" time elapsed: 00:00:00
----------------------------------------------------------

16/47 Testing: OwningBuffer.DefaultIsEmpty
16/47 Test: OwningBuffer.DefaultIsEmpty
Command: "/home/apal/Рабочий стол/Learning_cpp/build/chat_tests" "--gtest_filter=OwningBuffer.DefaultIsEmpty" "--gtest_also_run_disabled_tests"
Directory: /home/apal/Рабочий стол/Learning_cpp/build
"OwningBuffer.DefaultIsEmpty" start time: Sep 13 20:50 +05
Output:
----------------------------------------------------------
Running main() from /home/apal/Рабочий стол/Learning_cpp/build/_deps/googletest-src/googletest/src/gtest_main.cc
Note: Google Test filter = OwningBuffer.DefaultIsEmpty
[==========] Running 1 test from 1 test suite.
[----------] Global test environment set-up.
[----------] 1 test from OwningBuffer
[ RUN      ] OwningBuffer.DefaultIsEmpty
[       OK ] OwningBuffer.DefaultIsEmpty (0 ms)
[----------] 1 test from OwningBuffer (0 ms total)

[----------] Global test environment tear-down
[==========] 1 test from 1 test suite ran. (0 ms total)
[  PASSED  ] 1 test.
<end of output>
Test time =   0.00 sec
----------------------------------------------------------
Test Passed.
"OwningBuffer.DefaultIsEmpty" end time: Sep 13 20:50 +05
"OwningBuffer.DefaultIsEmpty" time elapsed: 00:00:00
----------------------------------------------------------

17/47 Testing: OwningBuffer.ConstructWithSize
17/47 Test: OwningBuffer.ConstructWithSize
Command: "/home/apal/Рабочий стол/Learning_cpp/build/chat_tests" "--gtest_filter=OwningBuffer.ConstructWithSize" "--gtest_also_run_disabled_tests"
Directory: /home/apal/Рабочий стол/Learning_cpp/build
"OwningBuffer.ConstructWithSize" start time: Sep 13 20:50 +05
Output:
----------------------------------------------------------
Running main() from /home/apal/Рабочий стол/Learning_cpp/build/_deps/googletest-src/googletest/src/gtest_main.cc
Note: Google Test filter = OwningBuffer.ConstructWithSize
[==========] Running 1 test from 1 test suite.
[----------] Global test environment set-up.
[----------] 1 test from OwningBuffer
[ RUN      ] OwningBuffer.ConstructWithSize
[       OK ] OwningBuffer.ConstructWithSize (0 ms)
[----------] 1 test from OwningBuffer (0 ms total)

[----------] Global test environment tear-down
[==========] 1 test from 1 test suite ran. (0 ms total)
[  PASSED  ] 1 test.
<end of output>
Test time =   0.00 sec
----------------------------------------------------------
Test Passed.
"OwningBuffer.ConstructWithSize" end time: Sep 13 20:50 +05
"OwningBuffer.ConstructWithSize" time elapsed: 00:00:00
----------------------------------------------------------

18/47 Testing: OwningBuffer.CopyProducesIndependentMemory
18/47 Test: OwningBuffer.CopyProducesIndependentMemory
Command: "/home/apal/Рабочий стол/Learning_cpp/build/chat_tests" "--gtest_filter=OwningBuffer.CopyProducesIndependentMemory" "--gtest_also_run_disabled_tests"
Directory: /home/apal/Рабочий стол/Learning_cpp/build
"OwningBuffer.CopyProducesIndependentMemory" start time: Sep 13 20:50 +05
Output:
----------------------------------------------------------
Running main() from /home/apal/Рабочий стол/Learning_cpp/build/_deps/googletest-src/googletest/src/gtest_main.cc
Note: Google Test filter = OwningBuffer.CopyProducesIndependentMemory
[==========] Running 1 test from 1 test suite.
[----------] Global test environment set-up.
[----------] 1 test from OwningBuffer
[ RUN      ] OwningBuffer.CopyProducesIndependentMemory
[       OK ] OwningBuffer.CopyProducesIndependentMemory (0 ms)
[----------] 1 test from OwningBuffer (0 ms total)

[----------] Global test environment tear-down
[==========] 1 test from 1 test suite ran. (0 ms total)
[  PASSED  ] 1 test.
<end of output>
Test time =   0.00 sec
----------------------------------------------------------
Test Passed.
"OwningBuffer.CopyProducesIndependentMemory" end time: Sep 13 20:50 +05
"OwningBuffer.CopyProducesIndependentMemory" time elapsed: 00:00:00
----------------------------------------------------------

19/47 Testing: OwningBuffer.CopyAssignmentProducesIndependentMemory
19/47 Test: OwningBuffer.CopyAssignmentProducesIndependentMemory
Command: "/home/apal/Рабочий стол/Learning_cpp/build/chat_tests" "--gtest_filter=OwningBuffer.CopyAssignmentProducesIndependentMemory" "--gtest_also_run_disabled_tests"
Directory: /home/apal/Рабочий стол/Learning_cpp/build
"OwningBuffer.CopyAssignmentProducesIndependentMemory" start time: Sep 13 20:50 +05
Output:
----------------------------------------------------------
Running main() from /home/apal/Рабочий стол/Learning_cpp/build/_deps/googletest-src/googletest/src/gtest_main.cc
Note: Google Test filter = OwningBuffer.CopyAssignmentProducesIndependentMemory
[==========] Running 1 test from 1 test suite.
[----------] Global test environment set-up.
[----------] 1 test from OwningBuffer
[ RUN      ] OwningBuffer.CopyAssignmentProducesIndependentMemory
[       OK ] OwningBuffer.CopyAssignmentProducesIndependentMemory (0 ms)
[----------] 1 test from OwningBuffer (0 ms total)

[----------] Global test environment tear-down
[==========] 1 test from 1 test suite ran. (0 ms total)
[  PASSED  ] 1 test.
<end of output>
Test time =   0.00 sec
----------------------------------------------------------
Test Passed.
"OwningBuffer.CopyAssignmentProducesIndependentMemory" end time: Sep 13 20:50 +05
"OwningBuffer.CopyAssignmentProducesIndependentMemory" time elapsed: 00:00:00
----------------------------------------------------------

20/47 Testing: OwningBuffer.MoveLeavesSourceInValidState
20/47 Test: OwningBuffer.MoveLeavesSourceInValidState
Command: "/home/apal/Рабочий стол/Learning_cpp/build/chat_tests" "--gtest_filter=OwningBuffer.MoveLeavesSourceInValidState" "--gtest_also_run_disabled_tests"
Directory: /home/apal/Рабочий стол/Learning_cpp/build
"OwningBuffer.MoveLeavesSourceInValidState" start time: Sep 13 20:50 +05
Output:
----------------------------------------------------------
Running main() from /home/apal/Рабочий стол/Learning_cpp/build/_deps/googletest-src/googletest/src/gtest_main.cc
Note: Google Test filter = OwningBuffer.MoveLeavesSourceInValidState
[==========] Running 1 test from 1 test suite.
[----------] Global test environment set-up.
[----------] 1 test from OwningBuffer
[ RUN      ] OwningBuffer.MoveLeavesSourceInValidState
[       OK ] OwningBuffer.MoveLeavesSourceInValidState (0 ms)
[----------] 1 test from OwningBuffer (0 ms total)

[----------] Global test environment tear-down
[==========] 1 test from 1 test suite ran. (0 ms total)
[  PASSED  ] 1 test.
<end of output>
Test time =   0.00 sec
----------------------------------------------------------
Test Passed.
"OwningBuffer.MoveLeavesSourceInValidState" end time: Sep 13 20:50 +05
"OwningBuffer.MoveLeavesSourceInValidState" time elapsed: 00:00:00
----------------------------------------------------------

21/47 Testing: OwningBuffer.MoveAssignment
21/47 Test: OwningBuffer.MoveAssignment
Command: "/home/apal/Рабочий стол/Learning_cpp/build/chat_tests" "--gtest_filter=OwningBuffer.MoveAssignment" "--gtest_also_run_disabled_tests"
Directory: /home/apal/Рабочий стол/Learning_cpp/build
"OwningBuffer.MoveAssignment" start time: Sep 13 20:50 +05
Output:
----------------------------------------------------------
Running main() from /home/apal/Рабочий стол/Learning_cpp/build/_deps/googletest-src/googletest/src/gtest_main.cc
Note: Google Test filter = OwningBuffer.MoveAssignment
[==========] Running 1 test from 1 test suite.
[----------] Global test environment set-up.
[----------] 1 test from OwningBuffer
[ RUN      ] OwningBuffer.MoveAssignment
[       OK ] OwningBuffer.MoveAssignment (0 ms)
[----------] 1 test from OwningBuffer (0 ms total)

[----------] Global test environment tear-down
[==========] 1 test from 1 test suite ran. (0 ms total)
[  PASSED  ] 1 test.
<end of output>
Test time =   0.00 sec
----------------------------------------------------------
Test Passed.
"OwningBuffer.MoveAssignment" end time: Sep 13 20:50 +05
"OwningBuffer.MoveAssignment" time elapsed: 00:00:00
----------------------------------------------------------

22/47 Testing: OwningBuffer.SelfAssignmentDoesNotBreakObject
22/47 Test: OwningBuffer.SelfAssignmentDoesNotBreakObject
Command: "/home/apal/Рабочий стол/Learning_cpp/build/chat_tests" "--gtest_filter=OwningBuffer.SelfAssignmentDoesNotBreakObject" "--gtest_also_run_disabled_tests"
Directory: /home/apal/Рабочий стол/Learning_cpp/build
"OwningBuffer.SelfAssignmentDoesNotBreakObject" start time: Sep 13 20:50 +05
Output:
----------------------------------------------------------
Running main() from /home/apal/Рабочий стол/Learning_cpp/build/_deps/googletest-src/googletest/src/gtest_main.cc
Note: Google Test filter = OwningBuffer.SelfAssignmentDoesNotBreakObject
[==========] Running 1 test from 1 test suite.
[----------] Global test environment set-up.
[----------] 1 test from OwningBuffer
[ RUN      ] OwningBuffer.SelfAssignmentDoesNotBreakObject
[       OK ] OwningBuffer.SelfAssignmentDoesNotBreakObject (0 ms)
[----------] 1 test from OwningBuffer (0 ms total)

[----------] Global test environment tear-down
[==========] 1 test from 1 test suite ran. (0 ms total)
[  PASSED  ] 1 test.
<end of output>
Test time =   0.00 sec
----------------------------------------------------------
Test Passed.
"OwningBuffer.SelfAssignmentDoesNotBreakObject" end time: Sep 13 20:50 +05
"OwningBuffer.SelfAssignmentDoesNotBreakObject" time elapsed: 00:00:00
----------------------------------------------------------

23/47 Testing: OwningBuffer.SwapWorks
23/47 Test: OwningBuffer.SwapWorks
Command: "/home/apal/Рабочий стол/Learning_cpp/build/chat_tests" "--gtest_filter=OwningBuffer.SwapWorks" "--gtest_also_run_disabled_tests"
Directory: /home/apal/Рабочий стол/Learning_cpp/build
"OwningBuffer.SwapWorks" start time: Sep 13 20:50 +05
Output:
----------------------------------------------------------
Running main() from /home/apal/Рабочий стол/Learning_cpp/build/_deps/googletest-src/googletest/src/gtest_main.cc
Note: Google Test filter = OwningBuffer.SwapWorks
[==========] Running 1 test from 1 test suite.
[----------] Global test environment set-up.
[----------] 1 test from OwningBuffer
[ RUN      ] OwningBuffer.SwapWorks
[       OK ] OwningBuffer.SwapWorks (0 ms)
[----------] 1 test from OwningBuffer (0 ms total)

[----------] Global test environment tear-down
[==========] 1 test from 1 test suite ran. (0 ms total)
[  PASSED  ] 1 test.
<end of output>
Test time =   0.00 sec
----------------------------------------------------------
Test Passed.
"OwningBuffer.SwapWorks" end time: Sep 13 20:50 +05
"OwningBuffer.SwapWorks" time elapsed: 00:00:00
----------------------------------------------------------

24/47 Testing: Lexer.EmptyInput
24/47 Test: Lexer.EmptyInput
Command: "/home/apal/Рабочий стол/Learning_cpp/build/chat_tests" "--gtest_filter=Lexer.EmptyInput" "--gtest_also_run_disabled_tests"
Directory: /home/apal/Рабочий стол/Learning_cpp/build
"Lexer.EmptyInput" start time: Sep 13 20:50 +05
Output:
----------------------------------------------------------
Running main() from /home/apal/Рабочий стол/Learning_cpp/build/_deps/googletest-src/googletest/src/gtest_main.cc
Note: Google Test filter = Lexer.EmptyInput
[==========] Running 1 test from 1 test suite.
[----------] Global test environment set-up.
[----------] 1 test from Lexer
[ RUN      ] Lexer.EmptyInput
[       OK ] Lexer.EmptyInput (0 ms)
[----------] 1 test from Lexer (0 ms total)

[----------] Global test environment tear-down
[==========] 1 test from 1 test suite ran. (0 ms total)
[  PASSED  ] 1 test.
<end of output>
Test time =   0.00 sec
----------------------------------------------------------
Test Passed.
"Lexer.EmptyInput" end time: Sep 13 20:50 +05
"Lexer.EmptyInput" time elapsed: 00:00:00
----------------------------------------------------------

25/47 Testing: Lexer.SingleToken
25/47 Test: Lexer.SingleToken
Command: "/home/apal/Рабочий стол/Learning_cpp/build/chat_tests" "--gtest_filter=Lexer.SingleToken" "--gtest_also_run_disabled_tests"
Directory: /home/apal/Рабочий стол/Learning_cpp/build
"Lexer.SingleToken" start time: Sep 13 20:50 +05
Output:
----------------------------------------------------------
Running main() from /home/apal/Рабочий стол/Learning_cpp/build/_deps/googletest-src/googletest/src/gtest_main.cc
Note: Google Test filter = Lexer.SingleToken
[==========] Running 1 test from 1 test suite.
[----------] Global test environment set-up.
[----------] 1 test from Lexer
[ RUN      ] Lexer.SingleToken
[       OK ] Lexer.SingleToken (0 ms)
[----------] 1 test from Lexer (0 ms total)

[----------] Global test environment tear-down
[==========] 1 test from 1 test suite ran. (0 ms total)
[  PASSED  ] 1 test.
<end of output>
Test time =   0.00 sec
----------------------------------------------------------
Test Passed.
"Lexer.SingleToken" end time: Sep 13 20:50 +05
"Lexer.SingleToken" time elapsed: 00:00:00
----------------------------------------------------------

26/47 Testing: Lexer.MultipleTokens
26/47 Test: Lexer.MultipleTokens
Command: "/home/apal/Рабочий стол/Learning_cpp/build/chat_tests" "--gtest_filter=Lexer.MultipleTokens" "--gtest_also_run_disabled_tests"
Directory: /home/apal/Рабочий стол/Learning_cpp/build
"Lexer.MultipleTokens" start time: Sep 13 20:50 +05
Output:
----------------------------------------------------------
Running main() from /home/apal/Рабочий стол/Learning_cpp/build/_deps/googletest-src/googletest/src/gtest_main.cc
Note: Google Test filter = Lexer.MultipleTokens
[==========] Running 1 test from 1 test suite.
[----------] Global test environment set-up.
[----------] 1 test from Lexer
[ RUN      ] Lexer.MultipleTokens
[       OK ] Lexer.MultipleTokens (0 ms)
[----------] 1 test from Lexer (0 ms total)

[----------] Global test environment tear-down
[==========] 1 test from 1 test suite ran. (0 ms total)
[  PASSED  ] 1 test.
<end of output>
Test time =   0.00 sec
----------------------------------------------------------
Test Passed.
"Lexer.MultipleTokens" end time: Sep 13 20:50 +05
"Lexer.MultipleTokens" time elapsed: 00:00:00
----------------------------------------------------------

27/47 Testing: Lexer.ExtraSpaces
27/47 Test: Lexer.ExtraSpaces
Command: "/home/apal/Рабочий стол/Learning_cpp/build/chat_tests" "--gtest_filter=Lexer.ExtraSpaces" "--gtest_also_run_disabled_tests"
Directory: /home/apal/Рабочий стол/Learning_cpp/build
"Lexer.ExtraSpaces" start time: Sep 13 20:50 +05
Output:
----------------------------------------------------------
Running main() from /home/apal/Рабочий стол/Learning_cpp/build/_deps/googletest-src/googletest/src/gtest_main.cc
Note: Google Test filter = Lexer.ExtraSpaces
[==========] Running 1 test from 1 test suite.
[----------] Global test environment set-up.
[----------] 1 test from Lexer
[ RUN      ] Lexer.ExtraSpaces
[       OK ] Lexer.ExtraSpaces (0 ms)
[----------] 1 test from Lexer (0 ms total)

[----------] Global test environment tear-down
[==========] 1 test from 1 test suite ran. (0 ms total)
[  PASSED  ] 1 test.
<end of output>
Test time =   0.00 sec
----------------------------------------------------------
Test Passed.
"Lexer.ExtraSpaces" end time: Sep 13 20:50 +05
"Lexer.ExtraSpaces" time elapsed: 00:00:00
----------------------------------------------------------

28/47 Testing: Lexer.QuotedString
28/47 Test: Lexer.QuotedString
Command: "/home/apal/Рабочий стол/Learning_cpp/build/chat_tests" "--gtest_filter=Lexer.QuotedString" "--gtest_also_run_disabled_tests"
Directory: /home/apal/Рабочий стол/Learning_cpp/build
"Lexer.QuotedString" start time: Sep 13 20:50 +05
Output:
----------------------------------------------------------
Running main() from /home/apal/Рабочий стол/Learning_cpp/build/_deps/googletest-src/googletest/src/gtest_main.cc
Note: Google Test filter = Lexer.QuotedString
[==========] Running 1 test from 1 test suite.
[----------] Global test environment set-up.
[----------] 1 test from Lexer
[ RUN      ] Lexer.QuotedString
[       OK ] Lexer.QuotedString (0 ms)
[----------] 1 test from Lexer (0 ms total)

[----------] Global test environment tear-down
[==========] 1 test from 1 test suite ran. (0 ms total)
[  PASSED  ] 1 test.
<end of output>
Test time =   0.00 sec
----------------------------------------------------------
Test Passed.
"Lexer.QuotedString" end time: Sep 13 20:50 +05
"Lexer.QuotedString" time elapsed: 00:00:00
----------------------------------------------------------

29/47 Testing: Lexer.QuotedStringWithSpaces
29/47 Test: Lexer.QuotedStringWithSpaces
Command: "/home/apal/Рабочий стол/Learning_cpp/build/chat_tests" "--gtest_filter=Lexer.QuotedStringWithSpaces" "--gtest_also_run_disabled_tests"
Directory: /home/apal/Рабочий стол/Learning_cpp/build
"Lexer.QuotedStringWithSpaces" start time: Sep 13 20:50 +05
Output:
----------------------------------------------------------
Running main() from /home/apal/Рабочий стол/Learning_cpp/build/_deps/googletest-src/googletest/src/gtest_main.cc
Note: Google Test filter = Lexer.QuotedStringWithSpaces
[==========] Running 1 test from 1 test suite.
[----------] Global test environment set-up.
[----------] 1 test from Lexer
[ RUN      ] Lexer.QuotedStringWithSpaces
[       OK ] Lexer.QuotedStringWithSpaces (0 ms)
[----------] 1 test from Lexer (0 ms total)

[----------] Global test environment tear-down
[==========] 1 test from 1 test suite ran. (0 ms total)
[  PASSED  ] 1 test.
<end of output>
Test time =   0.00 sec
----------------------------------------------------------
Test Passed.
"Lexer.QuotedStringWithSpaces" end time: Sep 13 20:50 +05
"Lexer.QuotedStringWithSpaces" time elapsed: 00:00:00
----------------------------------------------------------

30/47 Testing: Lexer.MsgRestOfLine
30/47 Test: Lexer.MsgRestOfLine
Command: "/home/apal/Рабочий стол/Learning_cpp/build/chat_tests" "--gtest_filter=Lexer.MsgRestOfLine" "--gtest_also_run_disabled_tests"
Directory: /home/apal/Рабочий стол/Learning_cpp/build
"Lexer.MsgRestOfLine" start time: Sep 13 20:50 +05
Output:
----------------------------------------------------------
Running main() from /home/apal/Рабочий стол/Learning_cpp/build/_deps/googletest-src/googletest/src/gtest_main.cc
Note: Google Test filter = Lexer.MsgRestOfLine
[==========] Running 1 test from 1 test suite.
[----------] Global test environment set-up.
[----------] 1 test from Lexer
[ RUN      ] Lexer.MsgRestOfLine
[       OK ] Lexer.MsgRestOfLine (0 ms)
[----------] 1 test from Lexer (0 ms total)

[----------] Global test environment tear-down
[==========] 1 test from 1 test suite ran. (0 ms total)
[  PASSED  ] 1 test.
<end of output>
Test time =   0.00 sec
----------------------------------------------------------
Test Passed.
"Lexer.MsgRestOfLine" end time: Sep 13 20:50 +05
"Lexer.MsgRestOfLine" time elapsed: 00:00:00
----------------------------------------------------------

31/47 Testing: Lexer.NoStringAllocations
31/47 Test: Lexer.NoStringAllocations
Command: "/home/apal/Рабочий стол/Learning_cpp/build/chat_tests" "--gtest_filter=Lexer.NoStringAllocations" "--gtest_also_run_disabled_tests"
Directory: /home/apal/Рабочий стол/Learning_cpp/build
"Lexer.NoStringAllocations" start time: Sep 13 20:50 +05
Output:
----------------------------------------------------------
Running main() from /home/apal/Рабочий стол/Learning_cpp/build/_deps/googletest-src/googletest/src/gtest_main.cc
Note: Google Test filter = Lexer.NoStringAllocations
[==========] Running 1 test from 1 test suite.
[----------] Global test environment set-up.
[----------] 1 test from Lexer
[ RUN      ] Lexer.NoStringAllocations
[       OK ] Lexer.NoStringAllocations (0 ms)
[----------] 1 test from Lexer (0 ms total)

[----------] Global test environment tear-down
[==========] 1 test from 1 test suite ran. (0 ms total)
[  PASSED  ] 1 test.
<end of output>
Test time =   0.00 sec
----------------------------------------------------------
Test Passed.
"Lexer.NoStringAllocations" end time: Sep 13 20:50 +05
"Lexer.NoStringAllocations" time elapsed: 00:00:00
----------------------------------------------------------

32/47 Testing: Parser.EmptyInput
32/47 Test: Parser.EmptyInput
Command: "/home/apal/Рабочий стол/Learning_cpp/build/chat_tests" "--gtest_filter=Parser.EmptyInput" "--gtest_also_run_disabled_tests"
Directory: /home/apal/Рабочий стол/Learning_cpp/build
"Parser.EmptyInput" start time: Sep 13 20:50 +05
Output:
----------------------------------------------------------
Running main() from /home/apal/Рабочий стол/Learning_cpp/build/_deps/googletest-src/googletest/src/gtest_main.cc
Note: Google Test filter = Parser.EmptyInput
[==========] Running 1 test from 1 test suite.
[----------] Global test environment set-up.
[----------] 1 test from Parser
[ RUN      ] Parser.EmptyInput
[       OK ] Parser.EmptyInput (0 ms)
[----------] 1 test from Parser (0 ms total)

[----------] Global test environment tear-down
[==========] 1 test from 1 test suite ran. (0 ms total)
[  PASSED  ] 1 test.
<end of output>
Test time =   0.00 sec
----------------------------------------------------------
Test Passed.
"Parser.EmptyInput" end time: Sep 13 20:50 +05
"Parser.EmptyInput" time elapsed: 00:00:00
----------------------------------------------------------

33/47 Testing: Parser.UnknownCommand
33/47 Test: Parser.UnknownCommand
Command: "/home/apal/Рабочий стол/Learning_cpp/build/chat_tests" "--gtest_filter=Parser.UnknownCommand" "--gtest_also_run_disabled_tests"
Directory: /home/apal/Рабочий стол/Learning_cpp/build
"Parser.UnknownCommand" start time: Sep 13 20:50 +05
Output:
----------------------------------------------------------
Running main() from /home/apal/Рабочий стол/Learning_cpp/build/_deps/googletest-src/googletest/src/gtest_main.cc
Note: Google Test filter = Parser.UnknownCommand
[==========] Running 1 test from 1 test suite.
[----------] Global test environment set-up.
[----------] 1 test from Parser
[ RUN      ] Parser.UnknownCommand
[       OK ] Parser.UnknownCommand (0 ms)
[----------] 1 test from Parser (0 ms total)

[----------] Global test environment tear-down
[==========] 1 test from 1 test suite ran. (0 ms total)
[  PASSED  ] 1 test.
<end of output>
Test time =   0.00 sec
----------------------------------------------------------
Test Passed.
"Parser.UnknownCommand" end time: Sep 13 20:50 +05
"Parser.UnknownCommand" time elapsed: 00:00:00
----------------------------------------------------------

34/47 Testing: Parser.JoinCommand
34/47 Test: Parser.JoinCommand
Command: "/home/apal/Рабочий стол/Learning_cpp/build/chat_tests" "--gtest_filter=Parser.JoinCommand" "--gtest_also_run_disabled_tests"
Directory: /home/apal/Рабочий стол/Learning_cpp/build
"Parser.JoinCommand" start time: Sep 13 20:50 +05
Output:
----------------------------------------------------------
Running main() from /home/apal/Рабочий стол/Learning_cpp/build/_deps/googletest-src/googletest/src/gtest_main.cc
Note: Google Test filter = Parser.JoinCommand
[==========] Running 1 test from 1 test suite.
[----------] Global test environment set-up.
[----------] 1 test from Parser
[ RUN      ] Parser.JoinCommand
[       OK ] Parser.JoinCommand (0 ms)
[----------] 1 test from Parser (0 ms total)

[----------] Global test environment tear-down
[==========] 1 test from 1 test suite ran. (0 ms total)
[  PASSED  ] 1 test.
<end of output>
Test time =   0.00 sec
----------------------------------------------------------
Test Passed.
"Parser.JoinCommand" end time: Sep 13 20:50 +05
"Parser.JoinCommand" time elapsed: 00:00:00
----------------------------------------------------------

35/47 Testing: Parser.LeaveCommand
35/47 Test: Parser.LeaveCommand
Command: "/home/apal/Рабочий стол/Learning_cpp/build/chat_tests" "--gtest_filter=Parser.LeaveCommand" "--gtest_also_run_disabled_tests"
Directory: /home/apal/Рабочий стол/Learning_cpp/build
"Parser.LeaveCommand" start time: Sep 13 20:50 +05
Output:
----------------------------------------------------------
Running main() from /home/apal/Рабочий стол/Learning_cpp/build/_deps/googletest-src/googletest/src/gtest_main.cc
Note: Google Test filter = Parser.LeaveCommand
[==========] Running 1 test from 1 test suite.
[----------] Global test environment set-up.
[----------] 1 test from Parser
[ RUN      ] Parser.LeaveCommand
[       OK ] Parser.LeaveCommand (0 ms)
[----------] 1 test from Parser (0 ms total)

[----------] Global test environment tear-down
[==========] 1 test from 1 test suite ran. (0 ms total)
[  PASSED  ] 1 test.
<end of output>
Test time =   0.00 sec
----------------------------------------------------------
Test Passed.
"Parser.LeaveCommand" end time: Sep 13 20:50 +05
"Parser.LeaveCommand" time elapsed: 00:00:00
----------------------------------------------------------

36/47 Testing: Parser.MsgCommandRestOfLine
36/47 Test: Parser.MsgCommandRestOfLine
Command: "/home/apal/Рабочий стол/Learning_cpp/build/chat_tests" "--gtest_filter=Parser.MsgCommandRestOfLine" "--gtest_also_run_disabled_tests"
Directory: /home/apal/Рабочий стол/Learning_cpp/build
"Parser.MsgCommandRestOfLine" start time: Sep 13 20:50 +05
Output:
----------------------------------------------------------
Running main() from /home/apal/Рабочий стол/Learning_cpp/build/_deps/googletest-src/googletest/src/gtest_main.cc
Note: Google Test filter = Parser.MsgCommandRestOfLine
[==========] Running 1 test from 1 test suite.
[----------] Global test environment set-up.
[----------] 1 test from Parser
[ RUN      ] Parser.MsgCommandRestOfLine
[       OK ] Parser.MsgCommandRestOfLine (0 ms)
[----------] 1 test from Parser (0 ms total)

[----------] Global test environment tear-down
[==========] 1 test from 1 test suite ran. (0 ms total)
[  PASSED  ] 1 test.
<end of output>
Test time =   0.00 sec
----------------------------------------------------------
Test Passed.
"Parser.MsgCommandRestOfLine" end time: Sep 13 20:50 +05
"Parser.MsgCommandRestOfLine" time elapsed: 00:00:00
----------------------------------------------------------

37/47 Testing: Parser.MsgCommandMissingText
37/47 Test: Parser.MsgCommandMissingText
Command: "/home/apal/Рабочий стол/Learning_cpp/build/chat_tests" "--gtest_filter=Parser.MsgCommandMissingText" "--gtest_also_run_disabled_tests"
Directory: /home/apal/Рабочий стол/Learning_cpp/build
"Parser.MsgCommandMissingText" start time: Sep 13 20:50 +05
Output:
----------------------------------------------------------
Running main() from /home/apal/Рабочий стол/Learning_cpp/build/_deps/googletest-src/googletest/src/gtest_main.cc
Note: Google Test filter = Parser.MsgCommandMissingText
[==========] Running 1 test from 1 test suite.
[----------] Global test environment set-up.
[----------] 1 test from Parser
[ RUN      ] Parser.MsgCommandMissingText
[       OK ] Parser.MsgCommandMissingText (0 ms)
[----------] 1 test from Parser (0 ms total)

[----------] Global test environment tear-down
[==========] 1 test from 1 test suite ran. (0 ms total)
[  PASSED  ] 1 test.
<end of output>
Test time =   0.00 sec
----------------------------------------------------------
Test Passed.
"Parser.MsgCommandMissingText" end time: Sep 13 20:50 +05
"Parser.MsgCommandMissingText" time elapsed: 00:00:00
----------------------------------------------------------

38/47 Testing: Parser.WhoCommand
38/47 Test: Parser.WhoCommand
Command: "/home/apal/Рабочий стол/Learning_cpp/build/chat_tests" "--gtest_filter=Parser.WhoCommand" "--gtest_also_run_disabled_tests"
Directory: /home/apal/Рабочий стол/Learning_cpp/build
"Parser.WhoCommand" start time: Sep 13 20:50 +05
Output:
----------------------------------------------------------
Running main() from /home/apal/Рабочий стол/Learning_cpp/build/_deps/googletest-src/googletest/src/gtest_main.cc
Note: Google Test filter = Parser.WhoCommand
[==========] Running 1 test from 1 test suite.
[----------] Global test environment set-up.
[----------] 1 test from Parser
[ RUN      ] Parser.WhoCommand
[       OK ] Parser.WhoCommand (0 ms)
[----------] 1 test from Parser (0 ms total)

[----------] Global test environment tear-down
[==========] 1 test from 1 test suite ran. (0 ms total)
[  PASSED  ] 1 test.
<end of output>
Test time =   0.00 sec
----------------------------------------------------------
Test Passed.
"Parser.WhoCommand" end time: Sep 13 20:50 +05
"Parser.WhoCommand" time elapsed: 00:00:00
----------------------------------------------------------

39/47 Testing: Parser.HistoryCommand
39/47 Test: Parser.HistoryCommand
Command: "/home/apal/Рабочий стол/Learning_cpp/build/chat_tests" "--gtest_filter=Parser.HistoryCommand" "--gtest_also_run_disabled_tests"
Directory: /home/apal/Рабочий стол/Learning_cpp/build
"Parser.HistoryCommand" start time: Sep 13 20:50 +05
Output:
----------------------------------------------------------
Running main() from /home/apal/Рабочий стол/Learning_cpp/build/_deps/googletest-src/googletest/src/gtest_main.cc
Note: Google Test filter = Parser.HistoryCommand
[==========] Running 1 test from 1 test suite.
[----------] Global test environment set-up.
[----------] 1 test from Parser
[ RUN      ] Parser.HistoryCommand
[       OK ] Parser.HistoryCommand (0 ms)
[----------] 1 test from Parser (0 ms total)

[----------] Global test environment tear-down
[==========] 1 test from 1 test suite ran. (0 ms total)
[  PASSED  ] 1 test.
<end of output>
Test time =   0.00 sec
----------------------------------------------------------
Test Passed.
"Parser.HistoryCommand" end time: Sep 13 20:50 +05
"Parser.HistoryCommand" time elapsed: 00:00:00
----------------------------------------------------------

40/47 Testing: Parser.TypeCommand
40/47 Test: Parser.TypeCommand
Command: "/home/apal/Рабочий стол/Learning_cpp/build/chat_tests" "--gtest_filter=Parser.TypeCommand" "--gtest_also_run_disabled_tests"
Directory: /home/apal/Рабочий стол/Learning_cpp/build
"Parser.TypeCommand" start time: Sep 13 20:50 +05
Output:
----------------------------------------------------------
Running main() from /home/apal/Рабочий стол/Learning_cpp/build/_deps/googletest-src/googletest/src/gtest_main.cc
Note: Google Test filter = Parser.TypeCommand
[==========] Running 1 test from 1 test suite.
[----------] Global test environment set-up.
[----------] 1 test from Parser
[ RUN      ] Parser.TypeCommand
[       OK ] Parser.TypeCommand (0 ms)
[----------] 1 test from Parser (0 ms total)

[----------] Global test environment tear-down
[==========] 1 test from 1 test suite ran. (0 ms total)
[  PASSED  ] 1 test.
<end of output>
Test time =   0.00 sec
----------------------------------------------------------
Test Passed.
"Parser.TypeCommand" end time: Sep 13 20:50 +05
"Parser.TypeCommand" time elapsed: 00:00:00
----------------------------------------------------------

41/47 Testing: Parser.ReactCommand
41/47 Test: Parser.ReactCommand
Command: "/home/apal/Рабочий стол/Learning_cpp/build/chat_tests" "--gtest_filter=Parser.ReactCommand" "--gtest_also_run_disabled_tests"
Directory: /home/apal/Рабочий стол/Learning_cpp/build
"Parser.ReactCommand" start time: Sep 13 20:50 +05
Output:
----------------------------------------------------------
Running main() from /home/apal/Рабочий стол/Learning_cpp/build/_deps/googletest-src/googletest/src/gtest_main.cc
Note: Google Test filter = Parser.ReactCommand
[==========] Running 1 test from 1 test suite.
[----------] Global test environment set-up.
[----------] 1 test from Parser
[ RUN      ] Parser.ReactCommand
[       OK ] Parser.ReactCommand (0 ms)
[----------] 1 test from Parser (0 ms total)

[----------] Global test environment tear-down
[==========] 1 test from 1 test suite ran. (0 ms total)
[  PASSED  ] 1 test.
<end of output>
Test time =   0.00 sec
----------------------------------------------------------
Test Passed.
"Parser.ReactCommand" end time: Sep 13 20:50 +05
"Parser.ReactCommand" time elapsed: 00:00:00
----------------------------------------------------------

42/47 Testing: Parser.TypeCommandBadIndex
42/47 Test: Parser.TypeCommandBadIndex
Command: "/home/apal/Рабочий стол/Learning_cpp/build/chat_tests" "--gtest_filter=Parser.TypeCommandBadIndex" "--gtest_also_run_disabled_tests"
Directory: /home/apal/Рабочий стол/Learning_cpp/build
"Parser.TypeCommandBadIndex" start time: Sep 13 20:50 +05
Output:
----------------------------------------------------------
Running main() from /home/apal/Рабочий стол/Learning_cpp/build/_deps/googletest-src/googletest/src/gtest_main.cc
Note: Google Test filter = Parser.TypeCommandBadIndex
[==========] Running 1 test from 1 test suite.
[----------] Global test environment set-up.
[----------] 1 test from Parser
[ RUN      ] Parser.TypeCommandBadIndex
[       OK ] Parser.TypeCommandBadIndex (0 ms)
[----------] 1 test from Parser (0 ms total)

[----------] Global test environment tear-down
[==========] 1 test from 1 test suite ran. (0 ms total)
[  PASSED  ] 1 test.
<end of output>
Test time =   0.00 sec
----------------------------------------------------------
Test Passed.
"Parser.TypeCommandBadIndex" end time: Sep 13 20:50 +05
"Parser.TypeCommandBadIndex" time elapsed: 00:00:00
----------------------------------------------------------

43/47 Testing: Parser.ExtraSpaces
43/47 Test: Parser.ExtraSpaces
Command: "/home/apal/Рабочий стол/Learning_cpp/build/chat_tests" "--gtest_filter=Parser.ExtraSpaces" "--gtest_also_run_disabled_tests"
Directory: /home/apal/Рабочий стол/Learning_cpp/build
"Parser.ExtraSpaces" start time: Sep 13 20:50 +05
Output:
----------------------------------------------------------
Running main() from /home/apal/Рабочий стол/Learning_cpp/build/_deps/googletest-src/googletest/src/gtest_main.cc
Note: Google Test filter = Parser.ExtraSpaces
[==========] Running 1 test from 1 test suite.
[----------] Global test environment set-up.
[----------] 1 test from Parser
[ RUN      ] Parser.ExtraSpaces
[       OK ] Parser.ExtraSpaces (0 ms)
[----------] 1 test from Parser (0 ms total)

[----------] Global test environment tear-down
[==========] 1 test from 1 test suite ran. (0 ms total)
[  PASSED  ] 1 test.
<end of output>
Test time =   0.00 sec
----------------------------------------------------------
Test Passed.
"Parser.ExtraSpaces" end time: Sep 13 20:50 +05
"Parser.ExtraSpaces" time elapsed: 00:00:00
----------------------------------------------------------

44/47 Testing: Parser.QuotedRoomName
44/47 Test: Parser.QuotedRoomName
Command: "/home/apal/Рабочий стол/Learning_cpp/build/chat_tests" "--gtest_filter=Parser.QuotedRoomName" "--gtest_also_run_disabled_tests"
Directory: /home/apal/Рабочий стол/Learning_cpp/build
"Parser.QuotedRoomName" start time: Sep 13 20:50 +05
Output:
----------------------------------------------------------
Running main() from /home/apal/Рабочий стол/Learning_cpp/build/_deps/googletest-src/googletest/src/gtest_main.cc
Note: Google Test filter = Parser.QuotedRoomName
[==========] Running 1 test from 1 test suite.
[----------] Global test environment set-up.
[----------] 1 test from Parser
[ RUN      ] Parser.QuotedRoomName
[       OK ] Parser.QuotedRoomName (0 ms)
[----------] 1 test from Parser (0 ms total)

[----------] Global test environment tear-down
[==========] 1 test from 1 test suite ran. (0 ms total)
[  PASSED  ] 1 test.
<end of output>
Test time =   0.00 sec
----------------------------------------------------------
Test Passed.
"Parser.QuotedRoomName" end time: Sep 13 20:50 +05
"Parser.QuotedRoomName" time elapsed: 00:00:00
----------------------------------------------------------

45/47 Testing: Dangling.SafeUsage_OwningStringOutlivesCommand
45/47 Test: Dangling.SafeUsage_OwningStringOutlivesCommand
Command: "/home/apal/Рабочий стол/Learning_cpp/build/chat_tests" "--gtest_filter=Dangling.SafeUsage_OwningStringOutlivesCommand" "--gtest_also_run_disabled_tests"
Directory: /home/apal/Рабочий стол/Learning_cpp/build
"Dangling.SafeUsage_OwningStringOutlivesCommand" start time: Sep 13 20:50 +05
Output:
----------------------------------------------------------
Running main() from /home/apal/Рабочий стол/Learning_cpp/build/_deps/googletest-src/googletest/src/gtest_main.cc
Note: Google Test filter = Dangling.SafeUsage_OwningStringOutlivesCommand
[==========] Running 1 test from 1 test suite.
[----------] Global test environment set-up.
[----------] 1 test from Dangling
[ RUN      ] Dangling.SafeUsage_OwningStringOutlivesCommand
[       OK ] Dangling.SafeUsage_OwningStringOutlivesCommand (0 ms)
[----------] 1 test from Dangling (0 ms total)

[----------] Global test environment tear-down
[==========] 1 test from 1 test suite ran. (0 ms total)
[  PASSED  ] 1 test.
<end of output>
Test time =   0.00 sec
----------------------------------------------------------
Test Passed.
"Dangling.SafeUsage_OwningStringOutlivesCommand" end time: Sep 13 20:50 +05
"Dangling.SafeUsage_OwningStringOutlivesCommand" time elapsed: 00:00:00
----------------------------------------------------------

46/47 Testing: Dangling.SafeUsage_MsgRestOfLine
46/47 Test: Dangling.SafeUsage_MsgRestOfLine
Command: "/home/apal/Рабочий стол/Learning_cpp/build/chat_tests" "--gtest_filter=Dangling.SafeUsage_MsgRestOfLine" "--gtest_also_run_disabled_tests"
Directory: /home/apal/Рабочий стол/Learning_cpp/build
"Dangling.SafeUsage_MsgRestOfLine" start time: Sep 13 20:50 +05
Output:
----------------------------------------------------------
Running main() from /home/apal/Рабочий стол/Learning_cpp/build/_deps/googletest-src/googletest/src/gtest_main.cc
Note: Google Test filter = Dangling.SafeUsage_MsgRestOfLine
[==========] Running 1 test from 1 test suite.
[----------] Global test environment set-up.
[----------] 1 test from Dangling
[ RUN      ] Dangling.SafeUsage_MsgRestOfLine
[       OK ] Dangling.SafeUsage_MsgRestOfLine (0 ms)
[----------] 1 test from Dangling (0 ms total)

[----------] Global test environment tear-down
[==========] 1 test from 1 test suite ran. (0 ms total)
[  PASSED  ] 1 test.
<end of output>
Test time =   0.00 sec
----------------------------------------------------------
Test Passed.
"Dangling.SafeUsage_MsgRestOfLine" end time: Sep 13 20:50 +05
"Dangling.SafeUsage_MsgRestOfLine" time elapsed: 00:00:00
----------------------------------------------------------

47/47 Testing: Dangling.DemonstrateDangerCommented
47/47 Test: Dangling.DemonstrateDangerCommented
Command: "/home/apal/Рабочий стол/Learning_cpp/build/chat_tests" "--gtest_filter=Dangling.DemonstrateDangerCommented" "--gtest_also_run_disabled_tests"
Directory: /home/apal/Рабочий стол/Learning_cpp/build
"Dangling.DemonstrateDangerCommented" start time: Sep 13 20:50 +05
Output:
----------------------------------------------------------
Running main() from /home/apal/Рабочий стол/Learning_cpp/build/_deps/googletest-src/googletest/src/gtest_main.cc
Note: Google Test filter = Dangling.DemonstrateDangerCommented
[==========] Running 1 test from 1 test suite.
[----------] Global test environment set-up.
[----------] 1 test from Dangling
[ RUN      ] Dangling.DemonstrateDangerCommented
[       OK ] Dangling.DemonstrateDangerCommented (0 ms)
[----------] 1 test from Dangling (0 ms total)

[----------] Global test environment tear-down
[==========] 1 test from 1 test suite ran. (0 ms total)
[  PASSED  ] 1 test.
<end of output>
Test time =   0.00 sec
----------------------------------------------------------
Test Passed.
"Dangling.DemonstrateDangerCommented" end time: Sep 13 20:50 +05
"Dangling.DemonstrateDangerCommented" time elapsed: 00:00:00
----------------------------------------------------------

End testing: Sep 13 20:50 +05
